<?xml version="1.0" encoding="UTF-8"?>
<testsuite name="com.naebom.stroke.naebom.NaebomApplicationTests" tests="1" skipped="0" failures="0" errors="0" timestamp="2025-04-17T14:29:54" hostname="SJ-Mac.local" time="0.325">
  <properties/>
  <testcase name="contextLoads()" classname="com.naebom.stroke.naebom.NaebomApplicationTests" time="0.325"/>
  <system-out><![CDATA[Standard Commons Logging discovery in action with spring-jcl: please remove commons-logging.jar from classpath in order to avoid potential conflicts
23:29:51.211 [Test worker] INFO org.springframework.test.context.support.AnnotationConfigContextLoaderUtils -- Could not detect default configuration classes for test class [com.naebom.stroke.naebom.NaebomApplicationTests]: NaebomApplicationTests does not declare any static, non-private, non-final, nested classes annotated with @Configuration.
23:29:51.263 [Test worker] INFO org.springframework.boot.test.context.SpringBootTestContextBootstrapper -- Found @SpringBootConfiguration com.naebom.stroke.naebom.NaebomApplication for test class com.naebom.stroke.naebom.NaebomApplicationTests

  .   ____          _            __ _ _
 /\\ / ___'_ __ _ _(_)_ __  __ _ \ \ \ \
( ( )\___ | '_ | '_| | '_ \/ _` | \ \ \ \
 \\/  ___)| |_)| | | | | || (_| |  ) ) ) )
  '  |____| .__|_| |_|_| |_\__, | / / / /
 =========|_|==============|___/=/_/_/_/

 :: Spring Boot ::                (v3.4.2)

2025-04-17T23:29:51.479+09:00  INFO 58463 --- [    Test worker] c.n.s.naebom.NaebomApplicationTests      : Starting NaebomApplicationTests using Java 17.0.14 with PID 58463 (started by heosejin222gmail.com in /Users/heosejin222gmail.com/Desktop/save)
2025-04-17T23:29:51.479+09:00  INFO 58463 --- [    Test worker] c.n.s.naebom.NaebomApplicationTests      : No active profile set, falling back to 1 default profile: "default"
2025-04-17T23:29:51.819+09:00  INFO 58463 --- [    Test worker] .s.d.r.c.RepositoryConfigurationDelegate : Multiple Spring Data modules found, entering strict repository configuration mode
2025-04-17T23:29:51.820+09:00  INFO 58463 --- [    Test worker] .s.d.r.c.RepositoryConfigurationDelegate : Bootstrapping Spring Data JPA repositories in DEFAULT mode.
2025-04-17T23:29:51.898+09:00  INFO 58463 --- [    Test worker] .s.d.r.c.RepositoryConfigurationDelegate : Finished Spring Data repository scanning in 74 ms. Found 3 JPA repository interfaces.
2025-04-17T23:29:51.908+09:00  INFO 58463 --- [    Test worker] .s.d.r.c.RepositoryConfigurationDelegate : Multiple Spring Data modules found, entering strict repository configuration mode
2025-04-17T23:29:51.909+09:00  INFO 58463 --- [    Test worker] .s.d.r.c.RepositoryConfigurationDelegate : Bootstrapping Spring Data Redis repositories in DEFAULT mode.
2025-04-17T23:29:51.915+09:00  INFO 58463 --- [    Test worker] .RepositoryConfigurationExtensionSupport : Spring Data Redis - Could not safely identify store assignment for repository candidate interface com.naebom.stroke.naebom.repository.MemberRepository; If you want this repository to be a Redis repository, consider annotating your entities with one of these annotations: org.springframework.data.redis.core.RedisHash (preferred), or consider extending one of the following types with your repository: org.springframework.data.keyvalue.repository.KeyValueRepository
2025-04-17T23:29:51.916+09:00  INFO 58463 --- [    Test worker] .RepositoryConfigurationExtensionSupport : Spring Data Redis - Could not safely identify store assignment for repository candidate interface com.naebom.stroke.naebom.repository.SettingRepository; If you want this repository to be a Redis repository, consider annotating your entities with one of these annotations: org.springframework.data.redis.core.RedisHash (preferred), or consider extending one of the following types with your repository: org.springframework.data.keyvalue.repository.KeyValueRepository
2025-04-17T23:29:51.916+09:00  INFO 58463 --- [    Test worker] .RepositoryConfigurationExtensionSupport : Spring Data Redis - Could not safely identify store assignment for repository candidate interface com.naebom.stroke.naebom.repository.TestRecordRepository; If you want this repository to be a Redis repository, consider annotating your entities with one of these annotations: org.springframework.data.redis.core.RedisHash (preferred), or consider extending one of the following types with your repository: org.springframework.data.keyvalue.repository.KeyValueRepository
2025-04-17T23:29:51.916+09:00  INFO 58463 --- [    Test worker] .s.d.r.c.RepositoryConfigurationDelegate : Finished Spring Data repository scanning in 3 ms. Found 0 Redis repository interfaces.
2025-04-17T23:29:52.187+09:00  INFO 58463 --- [    Test worker] o.hibernate.jpa.internal.util.LogHelper  : HHH000204: Processing PersistenceUnitInfo [name: default]
2025-04-17T23:29:52.209+09:00  INFO 58463 --- [    Test worker] org.hibernate.Version                    : HHH000412: Hibernate ORM core version 6.6.5.Final
2025-04-17T23:29:52.223+09:00  INFO 58463 --- [    Test worker] o.h.c.internal.RegionFactoryInitiator    : HHH000026: Second-level cache disabled
2025-04-17T23:29:52.337+09:00  INFO 58463 --- [    Test worker] o.s.o.j.p.SpringPersistenceUnitInfo      : No LoadTimeWeaver setup: ignoring JPA class transformer
2025-04-17T23:29:52.349+09:00  INFO 58463 --- [    Test worker] com.zaxxer.hikari.HikariDataSource       : HikariPool-1 - Starting...
2025-04-17T23:29:52.499+09:00  INFO 58463 --- [    Test worker] com.zaxxer.hikari.pool.HikariPool        : HikariPool-1 - Added connection com.mysql.cj.jdbc.ConnectionImpl@291cbe70
2025-04-17T23:29:52.504+09:00  INFO 58463 --- [    Test worker] com.zaxxer.hikari.HikariDataSource       : HikariPool-1 - Start completed.
2025-04-17T23:29:52.611+09:00  INFO 58463 --- [    Test worker] org.hibernate.orm.connections.pooling    : HHH10001005: Database info:
	Database JDBC URL [Connecting through datasource 'HikariDataSource (HikariPool-1)']
	Database driver: undefined/unknown
	Database version: 9.1
	Autocommit mode: undefined/unknown
	Isolation level: undefined/unknown
	Minimum pool size: undefined/unknown
	Maximum pool size: undefined/unknown
2025-04-17T23:29:53.038+09:00  INFO 58463 --- [    Test worker] o.h.e.t.j.p.i.JtaPlatformInitiator       : HHH000489: No JTA platform available (set 'hibernate.transaction.jta.platform' to enable JTA platform integration)
2025-04-17T23:29:53.209+09:00  INFO 58463 --- [    Test worker] j.LocalContainerEntityManagerFactoryBean : Initialized JPA EntityManagerFactory for persistence unit 'default'
2025-04-17T23:29:53.363+09:00  INFO 58463 --- [    Test worker] o.s.d.j.r.query.QueryEnhancerFactory     : Hibernate is in classpath; If applicable, HQL parser will be used.
Google Cloud 인증 키 로드 성공! 경로: /Users/heosejin222gmail.com/Desktop/save/src/main/resources/google-cloud-key.json
2025-04-17T23:29:53.954+09:00  WARN 58463 --- [    Test worker] JpaBaseConfiguration$JpaWebConfiguration : spring.jpa.open-in-view is enabled by default. Therefore, database queries may be performed during view rendering. Explicitly configure spring.jpa.open-in-view to disable this warning
2025-04-17T23:29:53.969+09:00  WARN 58463 --- [    Test worker] .s.s.UserDetailsServiceAutoConfiguration : 

Using generated security password: 1f947a95-0562-4707-a40c-0bacb9002dc2

This generated password is for development use only. Your security configuration must be updated before running your application in production.

2025-04-17T23:29:53.973+09:00  INFO 58463 --- [    Test worker] r$InitializeUserDetailsManagerConfigurer : Global AuthenticationManager configured with UserDetailsService bean with name inMemoryUserDetailsManager
2025-04-17T23:29:54.311+09:00  INFO 58463 --- [    Test worker] c.n.s.naebom.NaebomApplicationTests      : Started NaebomApplicationTests in 2.971 seconds (process running for 3.585)
]]></system-out>
  <system-err><![CDATA[]]></system-err>
</testsuite>
