<?xml version="1.0" encoding="UTF-8"?>
<testsuite name="com.naebom.stroke.naebom.NaebomApplicationTests" tests="1" skipped="0" failures="0" errors="0" timestamp="2025-03-04T04:07:41" hostname="SJ-Mac.local" time="0.349">
  <properties/>
  <testcase name="contextLoads()" classname="com.naebom.stroke.naebom.NaebomApplicationTests" time="0.349"/>
  <system-out><![CDATA[Standard Commons Logging discovery in action with spring-jcl: please remove commons-logging.jar from classpath in order to avoid potential conflicts
13:07:38.034 [Test worker] INFO org.springframework.test.context.support.AnnotationConfigContextLoaderUtils -- Could not detect default configuration classes for test class [com.naebom.stroke.naebom.NaebomApplicationTests]: NaebomApplicationTests does not declare any static, non-private, non-final, nested classes annotated with @Configuration.
13:07:38.113 [Test worker] INFO org.springframework.boot.test.context.SpringBootTestContextBootstrapper -- Found @SpringBootConfiguration com.naebom.stroke.naebom.NaebomApplication for test class com.naebom.stroke.naebom.NaebomApplicationTests

  .   ____          _            __ _ _
 /\\ / ___'_ __ _ _(_)_ __  __ _ \ \ \ \
( ( )\___ | '_ | '_| | '_ \/ _` | \ \ \ \
 \\/  ___)| |_)| | | | | || (_| |  ) ) ) )
  '  |____| .__|_| |_|_| |_\__, | / / / /
 =========|_|==============|___/=/_/_/_/

 :: Spring Boot ::                (v3.4.2)

2025-03-04T13:07:38.414+09:00  INFO 16216 --- [    Test worker] c.n.s.naebom.NaebomApplicationTests      : Starting NaebomApplicationTests using Java 17.0.12 with PID 16216 (started by heosejin222gmail.com in /Users/heosejin222gmail.com/Desktop/내봄/naebom 2)
2025-03-04T13:07:38.415+09:00  INFO 16216 --- [    Test worker] c.n.s.naebom.NaebomApplicationTests      : No active profile set, falling back to 1 default profile: "default"
2025-03-04T13:07:38.957+09:00  INFO 16216 --- [    Test worker] .s.d.r.c.RepositoryConfigurationDelegate : Multiple Spring Data modules found, entering strict repository configuration mode
2025-03-04T13:07:38.959+09:00  INFO 16216 --- [    Test worker] .s.d.r.c.RepositoryConfigurationDelegate : Bootstrapping Spring Data JPA repositories in DEFAULT mode.
2025-03-04T13:07:39.102+09:00  INFO 16216 --- [    Test worker] .s.d.r.c.RepositoryConfigurationDelegate : Finished Spring Data repository scanning in 133 ms. Found 1 JPA repository interface.
2025-03-04T13:07:39.117+09:00  INFO 16216 --- [    Test worker] .s.d.r.c.RepositoryConfigurationDelegate : Multiple Spring Data modules found, entering strict repository configuration mode
2025-03-04T13:07:39.118+09:00  INFO 16216 --- [    Test worker] .s.d.r.c.RepositoryConfigurationDelegate : Bootstrapping Spring Data Redis repositories in DEFAULT mode.
2025-03-04T13:07:39.129+09:00  INFO 16216 --- [    Test worker] .RepositoryConfigurationExtensionSupport : Spring Data Redis - Could not safely identify store assignment for repository candidate interface com.naebom.stroke.naebom.repository.MemberRepository; If you want this repository to be a Redis repository, consider annotating your entities with one of these annotations: org.springframework.data.redis.core.RedisHash (preferred), or consider extending one of the following types with your repository: org.springframework.data.keyvalue.repository.KeyValueRepository
2025-03-04T13:07:39.130+09:00  INFO 16216 --- [    Test worker] .s.d.r.c.RepositoryConfigurationDelegate : Finished Spring Data repository scanning in 4 ms. Found 0 Redis repository interfaces.
2025-03-04T13:07:39.505+09:00  INFO 16216 --- [    Test worker] o.hibernate.jpa.internal.util.LogHelper  : HHH000204: Processing PersistenceUnitInfo [name: default]
2025-03-04T13:07:39.541+09:00  INFO 16216 --- [    Test worker] org.hibernate.Version                    : HHH000412: Hibernate ORM core version 6.6.5.Final
2025-03-04T13:07:39.562+09:00  INFO 16216 --- [    Test worker] o.h.c.internal.RegionFactoryInitiator    : HHH000026: Second-level cache disabled
2025-03-04T13:07:39.745+09:00  INFO 16216 --- [    Test worker] o.s.o.j.p.SpringPersistenceUnitInfo      : No LoadTimeWeaver setup: ignoring JPA class transformer
2025-03-04T13:07:39.765+09:00  INFO 16216 --- [    Test worker] com.zaxxer.hikari.HikariDataSource       : HikariPool-1 - Starting...
2025-03-04T13:07:39.890+09:00  INFO 16216 --- [    Test worker] com.zaxxer.hikari.pool.HikariPool        : HikariPool-1 - Added connection com.mysql.cj.jdbc.ConnectionImpl@7b8cb283
2025-03-04T13:07:39.892+09:00  INFO 16216 --- [    Test worker] com.zaxxer.hikari.HikariDataSource       : HikariPool-1 - Start completed.
2025-03-04T13:07:39.951+09:00  INFO 16216 --- [    Test worker] org.hibernate.orm.connections.pooling    : HHH10001005: Database info:
	Database JDBC URL [Connecting through datasource 'HikariDataSource (HikariPool-1)']
	Database driver: undefined/unknown
	Database version: 9.1
	Autocommit mode: undefined/unknown
	Isolation level: undefined/unknown
	Minimum pool size: undefined/unknown
	Maximum pool size: undefined/unknown
2025-03-04T13:07:40.532+09:00  INFO 16216 --- [    Test worker] o.h.e.t.j.p.i.JtaPlatformInitiator       : HHH000489: No JTA platform available (set 'hibernate.transaction.jta.platform' to enable JTA platform integration)
2025-03-04T13:07:40.571+09:00  INFO 16216 --- [    Test worker] j.LocalContainerEntityManagerFactoryBean : Initialized JPA EntityManagerFactory for persistence unit 'default'
Google Cloud 인증 키 로드 성공! 경로: /Users/heosejin222gmail.com/Desktop/내봄/naebom 2/src/main/resources/google-cloud-key.json
2025-03-04T13:07:41.041+09:00  WARN 16216 --- [    Test worker] JpaBaseConfiguration$JpaWebConfiguration : spring.jpa.open-in-view is enabled by default. Therefore, database queries may be performed during view rendering. Explicitly configure spring.jpa.open-in-view to disable this warning
2025-03-04T13:07:41.063+09:00  WARN 16216 --- [    Test worker] .s.s.UserDetailsServiceAutoConfiguration : 

Using generated security password: e051506d-c700-4f2f-8025-1b210c55b447

This generated password is for development use only. Your security configuration must be updated before running your application in production.

2025-03-04T13:07:41.068+09:00  INFO 16216 --- [    Test worker] r$InitializeUserDetailsManagerConfigurer : Global AuthenticationManager configured with UserDetailsService bean with name inMemoryUserDetailsManager
2025-03-04T13:07:41.570+09:00  INFO 16216 --- [    Test worker] c.n.s.naebom.NaebomApplicationTests      : Started NaebomApplicationTests in 3.356 seconds (process running for 4.261)
]]></system-out>
  <system-err><![CDATA[]]></system-err>
</testsuite>
